thy	4032
thee	3178
lord	3059
king	2861
good	2812
sir	2754
enter	2098
love	2053
hath	1941
man	1835
tis	1405
time	1269
speak	1165
mine	1161
duke	1071
exeunt	1035
exit	984
heart	983
queen	943
doth	939
art	915
great	899
hear	872
lady	864
death	858
men	850
hand	838
father	836
life	835
scene	795
true	792
sweet	789
god	773
master	765
ay	764
fair	757
prince	742
pray	730
day	719
son	691
eyes	685
long	671
leave	651
blood	639
night	630
poor	626
fear	625
till	617
heaven	615
noble	611
hast	584
grace	576
gloucester	573
honour	569
stand	567
henry	563
brother	557
call	554
john	540
house	538
peace	534
bear	534
dead	530
france	527
find	525
caesar	524
head	514
gentleman	514
live	513
wife	510
antony	509
madam	507
richard	500
word	498
york	485
brutus	483
die	474
friends	471
set	470
electronic	469
lords	465
young	462
hold	462
fool	461
thine	455
copies	453
mistress	450
distributed	447
dear	447
service	444
falstaff	444
bring	444
soul	437
friend	436
place	431
full	429
dost	429
stay	426
eye	418
boy	417
servant	416
face	416
warwick	411
daughter	410
faith	400
tongue	397
answer	380
thought	372
gentle	366
marry	365
iago	362
mother	360
ere	359
ham	358
mind	357
thing	355
hope	355
matter	354
farewell	352
william	351
clown	350
sword	347
heard	345
rest	344
nature	344
bid	337
things	334
truth	330
project	329
rome	325
othello	325
meet	325
lie	323
woman	321
hands	319
edward	318
news	315
fortune	314
1	311
state	310
follow	310
fellow	309
timon	308
wilt	307
power	307
play	303
shame	302
2	301
messenger	300
earth	300
fall	299
pardon	298
hour	297
shalt	295
husband	291
ye	289
false	289
gods	286
honest	285
tears	284
macbeth	284
works	282
reason	281
kind	279
lay	278
youth	277
fight	277
ford	275
shakespeare	272
bed	270
turn	267
england	265
rosalind	264
light	264
spirit	263
cleopatra	263
lucius	261
wit	260
send	258
cousin	258
sleep	257
gutenberg	257
crown	257
break	257
provided	256
majesty	256
body	256
swear	255
lost	255
fire	255
court	255
hot	254
buckingham	254
soldier	253
war	252
shallow	252
prove	252
antonio	252
troilus	251
re-enter	251
